Build started 27-02-2020 18:45:32.
     1>Project "D:\Project\CService\CService.vcxproj" on node 2 (Build target(s)).
     1>C:\Program Files (x86)\MSBuild\Microsoft.Cpp\v4.0\V120\Microsoft.CppBuild.targets(388,5): warning MSB8028: The intermediate directory (Debug\) contains files shared from another project (CServiceExe.vcxproj).  This can lead to incorrect clean and rebuild behavior.
     1>ClCompile:
         C:\Program Files (x86)\Microsoft Visual Studio 12.0\VC\bin\CL.exe /c /ZI /nologo /W3 /WX- /Od /Oy- /D WIN32 /D _DEBUG /D _CONSOLE /D _LIB /D _UNICODE /D UNICODE /Gm /EHsc /RTC1 /MDd /GS /fp:precise /Zc:wchar_t /Zc:forScope /Fo"Debug\\" /Fd"Debug\vc120.pdb" /Gd /TP /analyze- /errorReport:prompt /D CSERVICE_RSMC CService.cpp Client.cpp ClientCommon.cpp Copy.cpp GetInfo.cpp Install.cpp
         Install.cpp
     1>d:\project\cservice\install.cpp : fatal error C1041: cannot open program database 'd:\project\cservice\debug\vc120.pdb'; if multiple CL.EXE write to the same .PDB file, please use /FS
         GetInfo.cpp
     1>d:\project\cservice\getinfo.cpp : fatal error C1041: cannot open program database 'd:\project\cservice\debug\vc120.pdb'; if multiple CL.EXE write to the same .PDB file, please use /FS
         Copy.cpp
     1>d:\project\cservice\copy.cpp : fatal error C1041: cannot open program database 'd:\project\cservice\debug\vc120.pdb'; if multiple CL.EXE write to the same .PDB file, please use /FS
         ClientCommon.cpp
     1>d:\project\cservice\clientcommon.cpp : fatal error C1041: cannot open program database 'd:\project\cservice\debug\vc120.pdb'; if multiple CL.EXE write to the same .PDB file, please use /FS
         Client.cpp
     1>d:\project\cservice\client.cpp : fatal error C1041: cannot open program database 'd:\project\cservice\debug\vc120.pdb'; if multiple CL.EXE write to the same .PDB file, please use /FS
         CService.cpp
     1>d:\project\cservice\cservice.cpp : fatal error C1041: cannot open program database 'd:\project\cservice\debug\vc120.pdb'; if multiple CL.EXE write to the same .PDB file, please use /FS
         Generating Code...
     1>cl : Command line warning D9028: minimal rebuild failure, reverting to normal build
     1>Done Building Project "D:\Project\CService\CService.vcxproj" (Build target(s)) -- FAILED.

Build FAILED.

Time Elapsed 00:00:01.02
