
Status   Name               DisplayName                           
------   ----               -----------                           
Running  AdobeARMservice    Adobe Acrobat Update Service          
Running  AdobeUpdateService AdobeUpdateService                    
Running  AGMService         Adobe Genuine Monitor Service         
Running  AGSService         Adobe Genuine Software Integrity Se...
Stopped  AJRouter           AllJoyn Router Service                
Stopped  ALG                Application Layer Gateway Service     
Stopped  AppIDSvc           Application Identity                  
Running  Appinfo            Application Information               
Stopped  AppReadiness       App Readiness                         
Stopped  AppXSvc            AppX Deployment Service (AppXSVC)     
Stopped  aspnet_state       ASP.NET State Service                 
Running  AudioEndpointBu... Windows Audio Endpoint Builder        
Running  Audiosrv           Windows Audio                         
Stopped  AxInstSV           ActiveX Installer (AxInstSV)          
Stopped  BcastDVRUserSer... GameDVR and Broadcast User Service_...
Stopped  BDESVC             BitLocker Drive Encryption Service    
Running  BFE                Base Filtering Engine                 
Running  BITS               Background Intelligent Transfer Ser...
Stopped  BluetoothUserSe... Bluetooth User Support Service_cedd91b
Running  BrokerInfrastru... Background Tasks Infrastructure Ser...
Stopped  BTAGService        Bluetooth Audio Gateway Service       
Running  BthAvctpSvc        AVCTP service                         
Stopped  bthserv            Bluetooth Support Service             
Running  camsvc             Capability Access Manager Service     
Stopped  CaptureService_... CaptureService_cedd91b                
Running  cbdhsvc_cedd91b    Clipboard User Service_cedd91b        
Running  CDPSvc             Connected Devices Platform Service    
Running  CDPUserSvc_cedd91b Connected Devices Platform User Ser...
Running  CertPropSvc        Certificate Propagation               
Running  ClipSVC            Client License Service (ClipSVC)      
Stopped  COMSysApp          COM+ System Application               
Stopped  ConsentUxUserSv... ConsentUX_cedd91b                     
Running  CoreMessagingRe... CoreMessaging                         
Running  cphs               Intel(R) Content Protection HECI Se...
Running  cplspcon           Intel(R) Content Protection HDCP Se...
Running  CryptSvc           Cryptographic Services                
Running  DcomLaunch         DCOM Server Process Launcher          
Stopped  defragsvc          Optimize drives                       
Running  DeviceAssociati... Device Association Service            
Stopped  DeviceInstall      Device Install Service                
Stopped  DevicePickerUse... DevicePicker_cedd91b                  
Stopped  DevicesFlowUser... DevicesFlow_cedd91b                   
Stopped  DevQueryBroker     DevQuery Background Discovery Broker  
Running  Dhcp               DHCP Client                           
Stopped  diagnosticshub.... Microsoft (R) Diagnostics Hub Stand...
Stopped  diagsvc            Diagnostic Execution Service          
Running  DiagTrack          Connected User Experiences and Tele...
Running  DisplayEnhancem... Display Enhancement Service           
Stopped  DmEnrollmentSvc    Device Management Enrollment Service  
Stopped  dmwappushservice   Device Management Wireless Applicat...
Running  Dnscache           DNS Client                            
Running  DoSvc              Delivery Optimization                 
Stopped  dot3svc            Wired AutoConfig                      
Running  DPS                Diagnostic Policy Service             
Stopped  DsmSvc             Device Setup Manager                  
Running  DsSvc              Data Sharing Service                  
Running  DusmSvc            Data Usage                            
Stopped  Eaphost            Extensible Authentication Protocol    
Running  EFS                Encrypting File System (EFS)          
Stopped  embeddedmode       Embedded Mode                         
Stopped  EntAppSvc          Enterprise App Management Service     
Running  esifsvc            Intel(R) Dynamic Platform and Therm...
Running  EventLog           Windows Event Log                     
Running  EventSystem        COM+ Event System                     
Stopped  Fax                Fax                                   
Stopped  fdPHost            Function Discovery Provider Host      
Running  FDResPub           Function Discovery Resource Publica...
Stopped  fhsvc              File History Service                  
Running  FontCache          Windows Font Cache Service            
Stopped  FrameServer        Windows Camera Frame Server           
Stopped  GoogleChromeEle... Google Chrome Elevation Service       
Stopped  gpsvc              Group Policy Client                   
Stopped  GraphicsPerfSvc    GraphicsPerfSvc                       
Stopped  gupdate            Google Update Service (gupdate)       
Stopped  gupdatem           Google Update Service (gupdatem)      
Running  hidserv            Human Interface Device Service        
Running  HP Comm Recover    HP Comm Recovery                      
Running  HPAppHelperCap     HP App Helper HSA Service             
Running  HPJumpStartBridge  HP JumpStart Bridge                   
Running  HPNetworkCap       HP Network HSA Service                
Running  HPSysInfoCap       HP System Info HSA Service            
Running  HpTouchpointAna... HP Analytics service                  
Stopped  HvHost             HV Host Service                       
Stopped  iaStorAfsService   Intel(R) Optane(TM) Memory Service    
Running  IAStorDataMgrSvc   Intel(R) Rapid Storage Technology     
Stopped  icssvc             Windows Mobile Hotspot Service        
Running  igfxCUIService2... Intel(R) HD Graphics Control Panel ...
Running  IKEEXT             IKE and AuthIP IPsec Keying Modules   
Stopped  InstallService     Microsoft Store Install Service       
Stopped  Intel(R) Capabi... Intel(R) Capability Licensing Servi...
Stopped  Intel(R) TPM Pr... Intel(R) TPM Provisioning Service     
Running  iphlpsvc           IP Helper                             
Stopped  IpxlatCfgSvc       IP Translation Configuration Service  
Stopped  irmon              Infrared monitor service              
Running  jhi_service        Intel(R) Dynamic Application Loader...
Running  KeyIso             CNG Key Isolation                     
Stopped  KtmRm              KtmRm for Distributed Transaction C...
Running  LanmanServer       Server                                
Running  LanmanWorkstation  Workstation                           
Running  lfsvc              Geolocation Service                   
Running  LicenseManager     Windows License Manager Service       
Stopped  lltdsvc            Link-Layer Topology Discovery Mapper  
Running  lmhosts            TCP/IP NetBIOS Helper                 
Running  LSM                Local Session Manager                 
Stopped  LxpSvc             Language Experience Service           
Stopped  MapsBroker         Downloaded Maps Manager               
Stopped  MessagingServic... MessagingService_cedd91b              
Running  mpssvc             Windows Defender Firewall             
Stopped  MSDTC              Distributed Transaction Coordinator   
Stopped  MSiSCSI            Microsoft iSCSI Initiator Service     
Stopped  msiserver          Windows Installer                     
Stopped  NaturalAuthenti... Natural Authentication                
Stopped  NcaSvc             Network Connectivity Assistant        
Running  NcbService         Network Connection Broker             
Stopped  NcdAutoSetup       Network Connected Devices Auto-Setup  
Stopped  Netlogon           Netlogon                              
Running  Netman             Network Connections                   
Running  netprofm           Network List Service                  
Stopped  NetSetupSvc        Network Setup Service                 
Stopped  NetTcpPortSharing  Net.Tcp Port Sharing Service          
Running  NgcCtnrSvc         Microsoft Passport Container          
Running  NgcSvc             Microsoft Passport                    
Running  NlaSvc             Network Location Awareness            
Running  nsi                Network Store Interface Service       
Running  OneSyncSvc_cedd91b Sync Host_cedd91b                     
Stopped  p2pimsvc           Peer Networking Identity Manager      
Stopped  p2psvc             Peer Networking Grouping              
Running  PcaSvc             Program Compatibility Assistant Ser...
Stopped  perceptionsimul... Windows Perception Simulation Service 
Stopped  PerfHost           Performance Counter DLL Host          
Stopped  PhoneSvc           Phone Service                         
Running  PimIndexMainten... Contact Data_cedd91b                  
Stopped  pla                Performance Logs & Alerts             
Running  PlugPlay           Plug and Play                         
Stopped  PNRPAutoReg        PNRP Machine Name Publication Service 
Stopped  PNRPsvc            Peer Name Resolution Protocol         
Running  PolicyAgent        IPsec Policy Agent                    
Running  Power              Power                                 
Stopped  PrintNotify        Printer Extensions and Notifications  
Running  PrintWorkflowUs... PrintWorkflow_cedd91b                 
Running  ProfSvc            User Profile Service                  
Running  PSI_SVC_2          Corel License Validation Service V2...
Stopped  PushToInstall      Windows PushToInstall Service         
Running  QMEmulatorService  QMEmulatorService                     
Stopped  QWAVE              Quality Windows Audio Video Experience
Stopped  RasAuto            Remote Access Auto Connection Manager 
Running  RasMan             Remote Access Connection Manager      
Stopped  RemoteAccess       Routing and Remote Access             
Stopped  RemoteRegistry     Remote Registry                       
Stopped  RetailDemo         Retail Demo Service                   
Running  RmSvc              Radio Management Service              
Running  RpcEptMapper       RPC Endpoint Mapper                   
Stopped  RpcLocator         Remote Procedure Call (RPC) Locator   
Running  RpcSs              Remote Procedure Call (RPC)           
Running  RstMwService       RstMwService                          
Running  RtkAudioUnivers... Realtek Audio Universal Service       
Running  RtkBtManServ       Realtek Bluetooth Device Manager Se...
Running  SamSs              Security Accounts Manager             
Stopped  SCardSvr           Smart Card                            
Stopped  ScDeviceEnum       Smart Card Device Enumeration Service 
Running  Schedule           Task Scheduler                        
Stopped  SCPolicySvc        Smart Card Removal Policy             
Running  SDRSVC             Windows Backup                        
Running  seclogon           Secondary Logon                       
Running  SECOMNService      Sound Research SECOMN Service         
Running  SecurityHealthS... Windows Security Service              
Running  SEMgrSvc           Payments and NFC/SE Manager           
Running  SENS               System Event Notification Service     
Stopped  SensorDataService  Sensor Data Service                   
Stopped  SensorService      Sensor Service                        
Stopped  SensrSvc           Sensor Monitoring Service             
Running  SessionEnv         Remote Desktop Configuration          
Running  SgrmBroker         System Guard Runtime Monitor Broker   
Running  SharedAccess       Internet Connection Sharing (ICS)     
Stopped  SharedRealitySvc   Spatial Data Service                  
Running  ShellHWDetection   Shell Hardware Detection              
Stopped  shpamsvc           Shared PC Account Manager             
Stopped  smphost            Microsoft Storage Spaces SMP          
Stopped  SmsRouter          Microsoft Windows SMS Router Service. 
Stopped  SNMPTRAP           SNMP Trap                             
Stopped  spectrum           Windows Perception Service            
Running  Spooler            Print Spooler                         
Stopped  sppsvc             Software Protection                   
Running  SQLWriter          SQL Server VSS Writer                 
Running  SSDPSRV            SSDP Discovery                        
Stopped  ssh-agent          OpenSSH Authentication Agent          
Running  SstpSvc            Secure Socket Tunneling Protocol Se...
Running  StateRepository    State Repository Service              
Running  stisvc             Windows Image Acquisition (WIA)       
Running  StorSvc            Storage Service                       
Stopped  svsvc              Spot Verifier                         
Stopped  swprv              Microsoft Software Shadow Copy Prov...
Running  SynaAPOService     Synaptics Audio APO Service           
Running  SynTPEnhService    SynTPEnhService                       
Running  SysMain            SysMain                               
Running  SystemEventsBroker System Events Broker                  
Running  TabletInputService Touch Keyboard and Handwriting Pane...
Running  TapiSrv            Telephony                             
Running  TermService        Remote Desktop Services               
Running  Themes             Themes                                
Stopped  TieringEngineSe... Storage Tiers Management              
Running  TimeBrokerSvc      Time Broker                           
Running  TokenBroker        Web Account Manager                   
Running  TrkWks             Distributed Link Tracking Client      
Stopped  TrustedInstaller   Windows Modules Installer             
Stopped  tzautoupdate       Auto Time Zone Updater                
Stopped  UmRdpService       Remote Desktop Services UserMode Po...
Running  UnistoreSvc_ced... User Data Storage_cedd91b             
Stopped  upnphost           UPnP Device Host                      
Running  UserDataSvc_ced... User Data Access_cedd91b              
Running  UserManager        User Manager                          
Running  UsoSvc             Update Orchestrator Service           
Stopped  VacSvc             Volumetric Audio Compositor Service   
Running  VaultSvc           Credential Manager                    
Stopped  vds                Virtual Disk                          
Stopped  vmicguestinterface Hyper-V Guest Service Interface       
Stopped  vmicheartbeat      Hyper-V Heartbeat Service             
Stopped  vmickvpexchange    Hyper-V Data Exchange Service         
Stopped  vmicrdv            Hyper-V Remote Desktop Virtualizati...
Stopped  vmicshutdown       Hyper-V Guest Shutdown Service        
Stopped  vmictimesync       Hyper-V Time Synchronization Service  
Stopped  vmicvmsession      Hyper-V PowerShell Direct Service     
Stopped  vmicvss            Hyper-V Volume Shadow Copy Requestor  
Stopped  VSS                Volume Shadow Copy                    
Stopped  VSStandardColle... Visual Studio Standard Collector Se...
Stopped  W32Time            Windows Time                          
Stopped  WaaSMedicSvc       Windows Update Medic Service          
Stopped  WalletService      WalletService                         
Stopped  WarpJITSvc         WarpJITSvc                            
Stopped  wbengine           Block Level Backup Engine Service     
Stopped  WbioSrvc           Windows Biometric Service             
Running  Wcmsvc             Windows Connection Manager            
Running  wcncsvc            Windows Connect Now - Config Registrar
Running  WdiServiceHost     Diagnostic Service Host               
Running  WdiSystemHost      Diagnostic System Host                
Running  WdNisSvc           Windows Defender Antivirus Network ...
Running  WebClient          WebClient                             
Stopped  Wecsvc             Windows Event Collector               
Stopped  WEPHOSTSVC         Windows Encryption Provider Host Se...
Stopped  wercplsupport      Problem Reports and Solutions Contr...
Stopped  WerSvc             Windows Error Reporting Service       
Stopped  WFDSConMgrSvc      Wi-Fi Direct Services Connection Ma...
Stopped  WiaRpc             Still Image Acquisition Events        
Running  WildTangentHelper  WildTangentHelper                     
Running  WinDefend          Windows Defender Antivirus Service    
Running  WinHttpAutoProx... WinHTTP Web Proxy Auto-Discovery Se...
Running  Winmgmt            Windows Management Instrumentation    
Stopped  WinRM              Windows Remote Management (WS-Manag...
Stopped  wisvc              Windows Insider Service               
Running  WlanSvc            WLAN AutoConfig                       
Stopped  wlidsvc            Microsoft Account Sign-in Assistant   
Stopped  wlpasvc            Local Profile Assistant Service       
Stopped  WManSvc            Windows Management Service            
Stopped  wmiApSrv           WMI Performance Adapter               
Stopped  WMPNetworkSvc      Windows Media Player Network Sharin...
Stopped  workfolderssvc     Work Folders                          
Stopped  WpcMonSvc          Parental Controls                     
Stopped  WPDBusEnum         Portable Device Enumerator Service    
Running  WpnService         Windows Push Notifications System S...
Running  WpnUserService_... Windows Push Notifications User Ser...
Running  wscsvc             Security Center                       
Running  WSearch            Windows Search                        
Stopped  wuauserv           Windows Update                        
Stopped  WwanSvc            WWAN AutoConfig                       
Stopped  XblAuthManager     Xbox Live Auth Manager                
Stopped  XblGameSave        Xbox Live Game Save                   
Stopped  XboxGipSvc         Xbox Accessory Management Service     
Stopped  XboxNetApiSvc      Xbox Live Networking Service          


