
DisplayName                                                                   DisplayVersion  Publisher                
-----------                                                                   --------------  ---------                
Visual Studio Community 2019                                                  16.4.29609.76   Microsoft Corporation    
                                                                                              Adobe Systems Incorpor...
Adobe Creative Cloud                                                          5.0.0.354       Adobe Systems Incorpor...
                                                                                              Adobe Systems Incorpor...
                                                                                              Adobe Systems Incorpor...
                                                                                                                       
                                                                                              Adobe Systems Incorpor...
                                                                                              Adobe Systems Incorpor...
                                                                                              Adobe Systems Incorpor...
                                                                                              Adobe Systems Incorpor...
Google Chrome                                                                 80.0.3987.132   Google LLC               
                                                                                              Adobe Systems Incorpor...
                                                                                              Adobe Systems Incorpor...
Microsoft Azure Storage Emulator - v5.10                                      5.10.19227.2113 Microsoft Corporation    
Mozilla (1.7.13)                                                                                                       
GlassFish Server Open Source Edition 4.1.1                                                                             
NetBeans IDE 8.2                                                              8.2             NetBeans.org             
                                                                                                                       
HP JumpStart Bridge                                                           1.4.0.485       HP Inc.                  
Microsoft Visual C++ 2013 Redistributable (x64) - 12.0.30501                  12.0.30501.0    Microsoft Corporation    
Windows Simulator - ENU                                                       16.0.28522      Microsoft Corporation    
Microsoft ASP.NET Web Tools Packages 16.0 - ENU                               1.0.20910.0     Microsoft Corporation    
Microsoft UniversalWindowsPlatform SDK                                        15.9.11         Microsoft                
Windows Software Development Kit - Windows 10.0.18362.1                       10.1.18362.1    Microsoft Corporation    
Microsoft .NET CoreRuntime SDK                                                1.1.27004.0     Microsoft Corporation    
Universal CRT Extension SDK                                                   10.1.18362.1    Microsoft Corporation    
Windows Mobile Extension SDK Contracts                                        10.1.18362.1    Microsoft Corporation    
Windows App Certification Kit x64                                             10.1.18362.1    Microsoft Corporation    
Windows SDK Desktop Libs arm64                                                10.1.18362.1    Microsoft Corporation    
Microsoft .NET Framework 4.7.2 Targeting Pack                                 4.7.03062       Microsoft Corporation    
Microsoft .NET Core SDK 2.1.801 (x64)                                         2.1.801         Microsoft Corporation    
Visual C++ Library CRT Desktop Appx Package                                   14.24.28314     Microsoft Corporation    
Microsoft .NET Framework 4.5.2 Multi-Targeting Pack                           4.5.51651       Microsoft Corporation    
Windows Phone SDK 8.0 Assemblies for Visual Studio 2019                       16.0.29430      Microsoft Corporation    
                                                                                                                       
                                                                                                                       
                                                                                                                       
                                                                                                                       
                                                                                                                       
                                                                                                                       
                                                                                                                       
Windows SDK ARM Desktop Tools                                                 10.1.18362.1    Microsoft Corporation    
Windows SDK Modern Versioned Developer Tools                                  10.1.18362.1    Microsoft Corporation    
Windows SDK for Windows Store Apps Libs                                       10.1.18362.1    Microsoft Corporation    
Windows SDK Desktop Libs x86                                                  10.1.18362.1    Microsoft Corporation    
WinRT Intellisense UAP - Other Languages                                      10.1.18362.1    Microsoft Corporation    
vs_clickoncebootstrappermsires                                                16.0.28329      Microsoft Corporation    
vs_minshellinteropmsi                                                         16.2.28917      Microsoft Corporation    
HP Registration Service                                                       1.0.0.65        HP Inc.                  
Microsoft Visual C++ 2015-2019 Redistributable (x64) - 14.24.28127            14.24.28127.4   Microsoft Corporation    
vs_filehandler_amd64                                                          16.4.29411      Microsoft Corporation    
Microsoft .NET Framework 4.6 Targeting Pack                                   4.6.00081       Microsoft Corporation    
Windows SDK Desktop Tools arm64                                               10.1.18362.1    Microsoft Corporation    
Microsoft Visual C++ 2019 X86 Minimum Runtime - 14.24.28127                   14.24.28127     Microsoft Corporation    
Windows Mobile Extension SDK                                                  10.1.18362.1    Microsoft Corporation    
vs_clickoncesigntoolmsi                                                       16.0.28329      Microsoft Corporation    
Microsoft Visual C++ 2012 Redistributable (x86) - 11.0.61030                  11.0.61030.0    Microsoft Corporation    
Windows SDK Redistributables                                                  10.1.18362.1    Microsoft Corporation    
HP JumpStart Launch                                                           1.4.485.0       HP Inc.                  
WinRT Intellisense IoT - en-us                                                10.1.18362.1    Microsoft Corporation    
Visual C++ Library CRT Appx Package                                           14.24.28314     Microsoft Corporation    
Windows SDK for Windows Store Apps                                            10.1.18362.1    Microsoft Corporation    
Windows Desktop Extension SDK Contracts                                       10.1.18362.1    Microsoft Corporation    
HP Audio Switch                                                               1.0.179.0       HP Inc.                  
Windows SDK                                                                   10.1.18362.1    Microsoft Corporation    
Windows IoT Extension SDK Contracts                                           10.1.18362.1    Microsoft Corporation    
Windows SDK Desktop Headers arm                                               10.1.18362.1    Microsoft Corporation    
Python Launcher                                                               3.8.6925.0      Python Software Founda...
Microsoft Azure Storage Emulator - v5.10                                      5.10.19227.2113 Microsoft Corporation    
Visual C++ Library CRT Desktop Appx Package                                   14.24.28314     Microsoft Corporation    
Windows SDK Desktop Headers arm64                                             10.1.18362.1    Microsoft Corporation    
TypeScript SDK                                                                3.7.3.0         Microsoft Corporation    
Microsoft .NET CoreRuntime For CoreCon                                        1.0.0.0         Microsoft Corporation    
Java Auto Updater                                                             2.8.241.7       Oracle Corporation       
vs_minshellmsi                                                                16.4.29411      Microsoft Corporation    
Windows SDK Signing Tools                                                     10.1.18362.1    Microsoft Corporation    
Windows SDK DirectX x86 Remote                                                10.1.18362.1    Microsoft Corporation    
Windows SDK Desktop Tools x86                                                 10.1.18362.1    Microsoft Corporation    
Windows SDK Desktop Libs x64                                                  10.1.18362.1    Microsoft Corporation    
Microsoft .NET Framework 4.5 Multi-Targeting Pack                             4.5.50710       Microsoft Corporation    
Windows App Certification Kit SupportedApiList x86                            10.1.18362.1    Microsoft Corporation    
Windows Team Extension SDK Contracts                                          10.1.18362.1    Microsoft Corporation    
Windows SDK EULA                                                              10.1.18362.1    Microsoft Corporations   
Windows SDK for Windows Store Apps Metadata                                   10.1.18362.1    Microsoft Corporation    
ClickOnce Bootstrapper Package for Microsoft .NET Framework                   4.8.03928       Microsoft Corporation    
Google Update Helper                                                          1.3.35.441      Google LLC               
Microsoft Visual C++ 2013 Redistributable (x86) - 12.0.40660                  12.0.40660.0    Microsoft Corporation    
Kits Configuration Installer                                                  10.1.18362.1    Microsoft                
HP Connection Optimizer                                                       2.0.15.0        HP Inc.                  
Windows SDK for Windows Store Apps Headers                                    10.1.18362.1    Microsoft Corporation    
WinRT Intellisense PPI - en-us                                                10.1.18362.1    Microsoft Corporation    
SDK ARM Redistributables                                                      10.1.18362.1    Microsoft Corporation    
vs_FileTracker_Singleton                                                      16.3.29209      Microsoft Corporation    
Microsoft .NET Framework 4.5.1 Multi-Targeting Pack                           4.5.50932       Microsoft Corporation    
Windows SDK Desktop Headers x64                                               10.1.18362.1    Microsoft Corporation    
WinRT Intellisense IoT - Other Languages                                      10.1.18362.1    Microsoft Corporation    
WinRT Intellisense UAP - en-us                                                10.1.18362.1    Microsoft Corporation    
Windows Team Extension SDK                                                    10.1.18362.1    Microsoft Corporation    
Universal General MIDI DLS Extension SDK                                      10.1.18362.1    Microsoft Corporation    
Microsoft System CLR Types for SQL Server 2019 CTP2.2                         15.0.1200.24    Microsoft Corporation    
SDK ARM Additions                                                             10.1.18362.1    Microsoft Corporation    
Microsoft NetStandard SDK                                                     15.0.51105      Microsoft Corporation    
Universal CRT Headers Libraries and Sources                                   10.1.18362.1    Microsoft Corporation    
Visual C++ Library CRT Appx Package                                           14.24.28314     Microsoft Corporation    
VS Immersive Activate Helper                                                  16.0.98.0       Microsoft Corporation    
Windows SDK Desktop Tools x64                                                 10.1.18362.1    Microsoft Corporation    
Entity Framework 6.2.0 Tools  for Visual Studio 2019                          6.2.0.0         Microsoft Corporation    
IntelliTraceProfilerProxy                                                     15.0.18198.01   Microsoft Corporation    
Microsoft Visual C++ 2013 x86 Additional Runtime - 12.0.40660                 12.0.40660      Microsoft Corporation    
Visual C++ Library CRT ARM64 Appx Package                                     14.24.28314     Microsoft Corporation    
WinRT Intellisense Desktop - Other Languages                                  10.1.18362.1    Microsoft Corporation    
Microsoft Visual C++ 2005 Redistributable                                     8.0.59193       Microsoft Corporation    
Universal CRT Redistributable                                                 10.1.18362.1    Microsoft Corporation    
Windows SDK Desktop Headers x86                                               10.1.18362.1    Microsoft Corporation    
Microsoft .NET Framework 4.6.1 Targeting Pack                                 4.6.01055       Microsoft Corporation    
Microsoft TestPlatform SDK Local Feed                                         16.0.0.3069091  Microsoft                
WinAppDeploy                                                                  10.1.18362.1    Microsoft Corporation    
Windows SDK for Windows Store Apps DirectX x86 Remote                         10.1.18362.1    Microsoft Corporation    
WinRT Intellisense Mobile - en-us                                             10.1.18362.1    Microsoft Corporation    
HP PC Hardware Diagnostics UEFI                                               7.2.1.0         HP                       
vs_SQLClickOnceBootstrappermsi                                                16.0.28329      Microsoft Corporation    
Microsoft .NET Framework 4.8 SDK                                              4.8.03928       Microsoft Corporation    
vs_communitymsires                                                            16.0.28329      Microsoft Corporation    
icecap_collection_neutral                                                     16.4.29430      Microsoft Corporation    
Windows SDK Desktop Libs arm                                                  10.1.18362.1    Microsoft Corporation    
WinRT Intellisense PPI - Other Languages                                      10.1.18362.1    Microsoft Corporation    
Windows IoT Extension SDK                                                     10.1.18362.1    Microsoft Corporation    
icecap_collectionresources                                                    16.4.29430      Microsoft Corporation    
Universal CRT Tools x86                                                       10.1.18362.1    Microsoft Corporation    
Windows SDK for Windows Store Apps Tools                                      10.1.18362.1    Microsoft Corporation    
Windows SDK Facade Windows WinMD Versioned                                    10.1.18362.1    Microsoft Corporation    
vcpp_crt.redist.clickonce                                                     14.24.28127     Microsoft Corporation    
Adobe Refresh Manager                                                         1.8.0           Adobe Systems Incorpor...
Adobe Acrobat Reader DC                                                       20.006.20034    Adobe Systems Incorpor...
vs_devenvmsi                                                                  16.0.28329      Microsoft Corporation    
vs_filehandler_x86                                                            16.4.29411      Microsoft Corporation    
Microsoft Visual C++ 2012 x86 Additional Runtime - 11.0.61030                 11.0.61030      Microsoft Corporation    
windows_toolscorepkg                                                          16.2.29006      Microsoft Corporation    
Windows Desktop Extension SDK                                                 10.1.18362.1    Microsoft Corporation    
Microsoft .NET Core Host FX Resolver - 3.1.0 (x86)                            24.64.28315     Microsoft Corporation    
Microsoft .NET Framework 4.7.2 Targeting Pack (ENU)                           4.7.03062       Microsoft Corporation    
vs_BlendMsi                                                                   16.0.28329      Microsoft Corporation    
vs_clickoncebootstrappermsi                                                   16.0.28329      Microsoft Corporation    
Microsoft ASP.NET Diagnostic Pack for Visual Studio                           16.4.457.38025  Microsoft Corporation    
Microsoft Visual C++ 2012 x86 Minimum Runtime - 11.0.61030                    11.0.61030      Microsoft Corporation    
Windows SDK for Windows Store Apps Contracts                                  10.1.18362.1    Microsoft Corporation    
Microsoft .NET Framework Cumulative Intellisense Pack for Visual Studio (ENU) 4.8.03761       Microsoft Corporation    
Microsoft Visual C++ 2012 Redistributable (x64) - 11.0.61030                  11.0.61030.0    Microsoft Corporation    
Windows SDK for Windows Store Managed Apps Libs                               10.1.18362.1    Microsoft Corporation    
Microsoft .NET Framework 4 Multi-Targeting Pack                               4.0.30319       Microsoft Corporation    
Update for  (KB2504637)                                                       1               Microsoft Corporation    
vs_communitymsi                                                               16.4.29430      Microsoft Corporation    
MSI Development Tools                                                         10.1.18362.1    Microsoft Corporation    
Windows SDK Modern Non-Versioned Developer Tools                              10.1.18362.1    Microsoft Corporation    
Visual C++ Library CRT Desktop Appx Package                                   14.24.28314     Microsoft Corporation    
Microsoft .NET Core Runtime - 3.1.0 (x86)                                     24.64.28315     Microsoft Corporation    
vs_tipsmsi                                                                    16.0.28329      Microsoft Corporation    
Microsoft Windows Desktop Runtime - 3.1.0 (x86)                               24.64.28315     Microsoft Corporation    
Microsoft Visual C++ 2013 x86 Minimum Runtime - 12.0.40660                    12.0.40660      Microsoft Corporation    
Microsoft Visual C++ 2015-2019 Redistributable (x86) - 14.24.28127            14.24.28127.4   Microsoft Corporation    
vs_Graphics_Singletonx86                                                      16.4.29411      Microsoft Corporation    
WinRT Intellisense Desktop - en-us                                            10.1.18362.1    Microsoft Corporation    
Windows SDK AddOn                                                             10.1.0.0        Microsoft Corporation    
Windows Simulator                                                             16.0.28522      Microsoft Corporation    
Microsoft Visual C++ 2019 X86 Additional Runtime - 14.24.28127                14.24.28127     Microsoft Corporation    
Intel(R) Chipset Device Software                                              10.1.17695.8086 Intel(R) Corporation     
vs_minshellmsires                                                             16.0.28329      Microsoft Corporation    
Microsoft Visual Studio Setup Configuration                                   2.3.2200.14893  Microsoft Corporation    
Microsoft .NET Native SDK                                                     15.0.24211.07   Microsoft Corporation    
Microsoft ASP.NET Core 3.1.0 Shared Framework (x86)                           3.1.0.0         Microsoft Corporation    
Microsoft Visual C++ 2013 Redistributable (x64) - 12.0.40660                  12.0.40660.0    Microsoft Corporation    
Microsoft Visual C++ 2010  x86 Redistributable - 10.0.40219                   10.0.40219      Microsoft Corporation    
                                                                                                                       
                                                                                                                       
                                                                                                                       
                                                                                                                       
                                                                                                                       
                                                                                                                       
                                                                                                                       
Intel(R) Processor Graphics                                                   25.20.100.6373  Intel Corporation        
                                                                                                                       
Microsoft .NET Framework 4.7.2 SDK                                            4.7.03081       Microsoft Corporation    
Visual C++ Library CRT Appx Resource Package                                  14.24.28314     Microsoft Corporation    
icecap_collectionresourcesx64                                                 16.4.29411      Microsoft Corporation    
Microsoft Visual C++ 2013 Redistributable (x86) - 12.0.30501                  12.0.30501.0    Microsoft Corporation    
Microsoft Visual C++ 2019 X86 Debug Runtime - 14.24.28127                     14.24.28127     Microsoft Corporation    


