
Image Name                     PID Session Name        Session#    Mem Usage
========================= ======== ================ =========== ============
System Idle Process              0 Services                   0          8 K
System                           4 Services                   0      7,052 K
Registry                        96 Services                   0     59,740 K
smss.exe                       424 Services                   0        484 K
csrss.exe                      668 Services                   0      2,124 K
wininit.exe                    752 Services                   0      2,156 K
services.exe                   800 Services                   0      7,184 K
lsass.exe                      848 Services                   0     16,204 K
svchost.exe                    956 Services                   0      1,092 K
WUDFHost.exe                   964 Services                   0      5,224 K
fontdrvhost.exe               1008 Services                   0        716 K
svchost.exe                    564 Services                   0     39,240 K
svchost.exe                    660 Services                   0     14,536 K
svchost.exe                    896 Services                   0      5,840 K
svchost.exe                   1264 Services                   0      4,668 K
svchost.exe                   1324 Services                   0      5,040 K
svchost.exe                   1364 Services                   0      3,172 K
svchost.exe                   1416 Services                   0      3,936 K
svchost.exe                   1480 Services                   0     11,972 K
svchost.exe                   1516 Services                   0      4,820 K
svchost.exe                   1536 Services                   0      5,076 K
svchost.exe                   1712 Services                   0      3,700 K
svchost.exe                   1720 Services                   0      2,380 K
igfxCUIService.exe            1732 Services                   0      2,780 K
svchost.exe                   1744 Services                   0      3,336 K
svchost.exe                   1816 Services                   0      3,772 K
svchost.exe                   1956 Services                   0      8,312 K
svchost.exe                   1968 Services                   0      8,940 K
svchost.exe                    816 Services                   0      6,444 K
svchost.exe                   2100 Services                   0      5,396 K
svchost.exe                   2108 Services                   0      3,992 K
svchost.exe                   2160 Services                   0      5,664 K
svchost.exe                   2176 Services                   0      6,836 K
svchost.exe                   2240 Services                   0     15,412 K
svchost.exe                   2260 Services                   0      3,060 K
svchost.exe                   2296 Services                   0     11,376 K
TouchpointAnalyticsClient     2348 Services                   0     30,264 K
svchost.exe                   2420 Services                   0      3,500 K
SysInfoCap.exe                2556 Services                   0     11,028 K
svchost.exe                   2596 Services                   0     10,208 K
unsecapp.exe                  2804 Services                   0      3,368 K
WmiPrvSE.exe                  2924 Services                   0     10,184 K
NetworkCap.exe                3008 Services                   0      2,592 K
AppHelperCap.exe              3032 Services                   0      3,328 K
svchost.exe                   3052 Services                   0      4,664 K
SynTPEnhService.exe           3128 Services                   0      2,620 K
QMEmulatorService.exe         3180 Services                   0      2,616 K
svchost.exe                   3208 Services                   0     94,620 K
svchost.exe                   3216 Services                   0      1,652 K
Memory Compression            3260 Services                   0   5,30,660 K
svchost.exe                   3320 Services                   0      3,204 K
svchost.exe                   3432 Services                   0      7,992 K
svchost.exe                   3564 Services                   0      4,964 K
svchost.exe                   3620 Services                   0      6,996 K
svchost.exe                   3628 Services                   0      2,632 K
svchost.exe                   3716 Services                   0      5,068 K
svchost.exe                   3784 Services                   0     12,016 K
svchost.exe                   3836 Services                   0      8,172 K
spoolsv.exe                   4012 Services                   0      3,952 K
svchost.exe                   4048 Services                   0     13,616 K
armsvc.exe                    3892 Services                   0      1,096 K
AdobeUpdateService.exe        4100 Services                   0      3,140 K
IntelCpHDCPSvc.exe            4112 Services                   0      1,940 K
svchost.exe                   4120 Services                   0      2,164 K
svchost.exe                   4140 Services                   0     24,928 K
svchost.exe                   4168 Services                   0     41,608 K
esif_uf.exe                   4196 Services                   0      2,792 K
svchost.exe                   4224 Services                   0      2,704 K
svchost.exe                   4268 Services                   0      6,068 K
PsiService_2.exe              4344 Services                   0      1,116 K
RstMwService.exe              4352 Services                   0      2,924 K
RtkAudUService64.exe          4360 Services                   0      3,520 K
svchost.exe                   4368 Services                   0      1,468 K
RtkBtManServ.exe              4376 Services                   0      3,028 K
sqlwriter.exe                 4420 Services                   0      1,496 K
svchost.exe                   4428 Services                   0      2,980 K
WildTangentHelperService.     4444 Services                   0     10,088 K
dasHost.exe                   4516 Services                   0      2,004 K
SECOMN64.exe                  4524 Services                   0      2,356 K
svchost.exe                   4532 Services                   0     13,960 K
svchost.exe                   4540 Services                   0      1,868 K
IntelCpHeciSvc.exe            4628 Services                   0      1,976 K
svchost.exe                   4652 Services                   0      2,724 K
SynAudSrv.exe                 4684 Services                   0      2,184 K
svchost.exe                   4700 Services                   0      7,380 K
MsMpEng.exe                   4872 Services                   0   1,30,092 K
jhi_service.exe               4956 Services                   0      1,144 K
svchost.exe                   5212 Services                   0      4,960 K
svchost.exe                   5592 Services                   0      5,304 K
svchost.exe                   5608 Services                   0      5,240 K
svchost.exe                   6708 Services                   0      3,296 K
svchost.exe                   6748 Services                   0      5,316 K
NisSrv.exe                    6896 Services                   0      7,888 K
svchost.exe                   2344 Services                   0      3,220 K
svchost.exe                    840 Services                   0     13,056 K
svchost.exe                   1800 Services                   0     12,372 K
svchost.exe                   5028 Services                   0      7,132 K
svchost.exe                   5696 Services                   0      6,524 K
svchost.exe                   7344 Services                   0     11,472 K
SearchIndexer.exe             4560 Services                   0     37,892 K
SecurityHealthService.exe     9096 Services                   0      7,892 K
svchost.exe                   9756 Services                   0     13,340 K
svchost.exe                   9452 Services                   0      1,692 K
HPCommRecovery.exe            9352 Services                   0     14,612 K
HPJumpStartBridge.exe         8576 Services                   0      6,000 K
GoogleCrashHandler.exe        5372 Services                   0        152 K
IAStorDataMgrSvc.exe          2316 Services                   0     24,596 K
GoogleCrashHandler64.exe      9696 Services                   0        132 K
svchost.exe                   6268 Services                   0      5,572 K
SgrmBroker.exe                7576 Services                   0      3,504 K
svchost.exe                   1528 Services                   0     17,128 K
dllhost.exe                   2356 Services                   0      3,720 K
svchost.exe                   1964 Services                   0      5,828 K
svchost.exe                   9840 Services                   0      4,036 K
svchost.exe                   9320 Services                   0      3,684 K
svchost.exe                   6316 Services                   0     13,312 K
svchost.exe                  13900 Services                   0      2,824 K
svchost.exe                  15016 Services                   0      3,904 K
svchost.exe                   7844 Services                   0      5,968 K
svchost.exe                   9572 Services                   0      5,320 K
svchost.exe                  42960 Services                   0      3,944 K
svchost.exe                  45428 Services                   0      3,096 K
svchost.exe                  31588 Services                   0     10,328 K
svchost.exe                  39712 Services                   0      5,844 K
AGSService.exe               21648 Services                   0      9,524 K
AGMService.exe               15968 Services                   0     10,380 K
csrss.exe                    23868 Console                    6      5,672 K
winlogon.exe                 29744 Console                    6     11,360 K
fontdrvhost.exe              31352 Console                    6     11,024 K
dwm.exe                      38684 Console                    6     68,860 K
SynTPEnh.exe                 38032 Console                    6     24,692 K
sihost.exe                   25232 Console                    6     26,880 K
svchost.exe                  33668 Console                    6     23,816 K
svchost.exe                  16604 Console                    6     44,396 K
HPJumpStartLaunch.exe        31496 Console                    6        184 K
taskhostw.exe                33400 Console                    6     18,608 K
igfxEM.exe                   12068 Console                    6     21,380 K
explorer.exe                 34724 Console                    6   1,70,152 K
svchost.exe                  18392 Console                    6     27,620 K
SynTPHelper.exe              41592 Console                    6      4,496 K
ctfmon.exe                   37616 Console                    6     15,436 K
ShellExperienceHost.exe       4064 Console                    6   1,32,976 K
SearchUI.exe                 12720 Console                    6   1,85,444 K
RuntimeBroker.exe            20996 Console                    6     30,928 K
RuntimeBroker.exe            45188 Console                    6     35,784 K
YourPhone.exe                28712 Console                    6     27,620 K
SettingSyncHost.exe          30476 Console                    6      5,980 K
TabTip.exe                   25036 Console                    6     13,792 K
LockApp.exe                  38432 Console                    6     39,100 K
CastSrv.exe                   5816 Console                    6      7,680 K
RuntimeBroker.exe            17196 Console                    6     28,004 K
SkypeBackgroundHost.exe      14944 Console                    6     10,392 K
RuntimeBroker.exe            31136 Console                    6     12,484 K
SkypeApp.exe                 23016 Console                    6   1,62,240 K
RuntimeBroker.exe            30328 Console                    6     21,088 K
SecurityHealthSystray.exe    43468 Console                    6      6,712 K
RtkAudUService64.exe         46720 Console                    6      8,276 K
RtlS5Wake.exe                30900 Console                    6     10,148 K
OneDrive.exe                 36688 Console                    6     52,724 K
CCXProcess.exe               38392 Console                    6      1,700 K
node.exe                     13696 Console                    6     48,976 K
conhost.exe                  44352 Console                    6      4,264 K
AppMarket.exe                45196 Console                    6     50,112 K
AdobeIPCBroker.exe           44564 Console                    6      9,772 K
HPAudioSwitch.exe            27980 Console                    6     30,368 K
TBSWebRenderer.exe            1984 Console                    6     46,108 K
TBSWebRenderer.exe           13084 Console                    6     82,280 K
Creative Cloud.exe           27640 Console                    6     61,624 K
jusched.exe                  17316 Console                    6      5,472 K
Adobe Desktop Service.exe    26832 Console                    6     71,140 K
Adobe CEF Helper.exe         12212 Console                    6     97,540 K
CCLibrary.exe                 3948 Console                    6      1,680 K
node.exe                     43444 Console                    6     39,848 K
conhost.exe                  21116 Console                    6      4,328 K
CoreSync.exe                 35152 Console                    6     30,488 K
HPSystemEventUtilityHost.    39744 Console                    6     47,188 K
YourPhoneServer.exe          17212 Console                    6     10,584 K
svchost.exe                  37256 Console                    6     16,096 K
wlanext.exe                  22384 Services                   0      6,804 K
conhost.exe                  17604 Services                   0      4,264 K
ApplicationFrameHost.exe      1652 Console                    6     34,832 K
WinStore.App.exe             45484 Console                    6        184 K
RuntimeBroker.exe            13144 Console                    6      7,192 K
AdobeNotificationClient.e    33848 Console                    6     11,640 K
FileCoAuth.exe               11828 Console                    6     12,484 K
RuntimeBroker.exe            26812 Console                    6      5,120 K
RuntimeBroker.exe            29676 Console                    6     21,528 K
AdobeCollabSync.exe          30520 Console                    6      8,852 K
AdobeCollabSync.exe          45488 Console                    6     16,296 K
SystemSettings.exe           14672 Console                    6        188 K
Music.UI.exe                 22164 Console                    6        364 K
MicrosoftEdge.exe             8928 Console                    6      6,296 K
browser_broker.exe           15996 Console                    6      6,136 K
dllhost.exe                  45256 Console                    6     10,760 K
RuntimeBroker.exe            46552 Console                    6      5,824 K
MicrosoftEdgeCP.exe          15380 Console                    6     18,532 K
MicrosoftEdgeSH.exe          18828 Console                    6      5,096 K
smartscreen.exe              12216 Console                    6     24,952 K
dllhost.exe                  23336 Console                    6      6,276 K
svchost.exe                   7672 Console                    6      5,692 K
SystemSettingsBroker.exe     17524 Console                    6     18,396 K
WindowsInternal.Composabl    27736 Console                    6     32,336 K
svchost.exe                  39068 Services                   0     20,780 K
Microsoft.Photos.exe         36948 Console                    6     59,612 K
RuntimeBroker.exe            35584 Console                    6     31,416 K
cmd.exe                      41560 Console                    6      4,040 K
conhost.exe                  36416 Console                    6     15,720 K
cmd.exe                      18160 Console                    6      3,244 K
conhost.exe                   9152 Console                    6     11,984 K
svchost.exe                  30060 Services                   0      5,008 K
svchost.exe                  21712 Services                   0      8,644 K
mozilla.exe                  27944 Console                    6     54,576 K
Video.UI.exe                 41368 Console                    6        232 K
RuntimeBroker.exe            29208 Console                    6      7,680 K
devenv.exe                   29876 Console                    6   2,00,908 K
PerfWatson2.exe              43580 Console                    6     39,736 K
Microsoft.ServiceHub.Cont    24612 Console                    6     45,832 K
conhost.exe                  37152 Console                    6      4,808 K
ServiceHub.ThreadedWaitDi     3920 Console                    6     45,720 K
conhost.exe                  42516 Console                    6      4,840 K
ServiceHub.IdentityHost.e    30340 Console                    6     39,572 K
conhost.exe                  18328 Console                    6      4,828 K
ServiceHub.VSDetouredHost    36940 Console                    6     49,088 K
conhost.exe                   6360 Console                    6      5,972 K
ServiceHub.SettingsHost.e    46688 Console                    6     72,644 K
conhost.exe                  12248 Console                    6      5,660 K
vcpkgsrv.exe                  1560 Console                    6     13,680 K
ServiceHub.Host.CLR.x86.e    34452 Console                    6     40,540 K
conhost.exe                  21668 Console                    6      4,828 K
ServiceHub.Host.CLR.x86.e    37296 Console                    6     42,048 K
conhost.exe                  21756 Console                    6      4,820 K
vcpkgsrv.exe                 12336 Console                    6     87,772 K
ServiceHub.TestWindowStor    15736 Console                    6     38,264 K
conhost.exe                  30068 Console                    6      4,824 K
explorer.exe                 33520 Console                    6     56,840 K
CServiceExe.exe              24232 Console                    6      4,116 K
WmiPrvSE.exe                 18412 Services                   0     10,068 K
cmd.exe                      45004 Console                    6      4,308 K
tasklist.exe                 24176 Console                    6      7,664 K
